app/build/intermediates/manifest_merge_blame_file/debug/manifest-merger-blame-debug-report.txt
1<?xml version="1.0" encoding="utf-8"?>
2<manifest xmlns:android="http://schemas.android.com/apk/res/android"
3    package="com.example.alfagallery"
4    android:versionCode="1"
5    android:versionName="1.0" >
6
7    <uses-sdk
8        android:minSdkVersion="23"
8-->src\main\AndroidManifest.xml
9        android:targetSdkVersion="29" />
9-->src\main\AndroidManifest.xml
10
11    <uses-permission android:name="android.permission.INTERNET" />
11-->src\main\AndroidManifest.xml:5:5-67
11-->src\main\AndroidManifest.xml:5:22-64
12    <uses-permission android:name="android.permission.READ_EXTERNAL_STORAGE" />
12-->src\main\AndroidManifest.xml:6:5-80
12-->src\main\AndroidManifest.xml:6:22-77
13
14    <!-- Although the *SdkVersion is captured in gradle build files, this is required for non gradle builds -->
15    <!-- <uses-sdk android:minSdkVersion="14"/> -->
16    <uses-permission android:name="android.permission.ACCESS_NETWORK_STATE" />
16-->[com.google.firebase:firebase-storage:19.1.0] AndroidManifest.xml:26:5-79
16-->[com.google.firebase:firebase-storage:19.1.0] AndroidManifest.xml:26:22-76
17
18    <application
18-->src\main\AndroidManifest.xml:8:5-23:19
19        android:allowBackup="true"
19-->src\main\AndroidManifest.xml:9:9-35
20        android:appComponentFactory="androidx.core.app.CoreComponentFactory"
20-->[androidx.core:core:1.1.0] AndroidManifest.xml:24:18-86
21        android:debuggable="true"
22        android:extractNativeLibs="false"
23        android:icon="@mipmap/ic_launcher"
23-->src\main\AndroidManifest.xml:10:9-43
24        android:label="@string/app_name"
24-->src\main\AndroidManifest.xml:11:9-41
25        android:roundIcon="@mipmap/ic_launcher_round"
25-->src\main\AndroidManifest.xml:12:9-54
26        android:supportsRtl="true"
26-->src\main\AndroidManifest.xml:13:9-35
27        android:testOnly="true"
28        android:theme="@style/AppTheme" >
28-->src\main\AndroidManifest.xml:14:9-40
29        <activity android:name="com.example.alfagallery.MainActivity" >
29-->src\main\AndroidManifest.xml:16:9-22:20
29-->src\main\AndroidManifest.xml:16:19-47
30            <intent-filter>
30-->src\main\AndroidManifest.xml:17:13-21:29
31                <action android:name="android.intent.action.MAIN" />
31-->src\main\AndroidManifest.xml:18:17-69
31-->src\main\AndroidManifest.xml:18:25-66
32
33                <category android:name="android.intent.category.LAUNCHER" />
33-->src\main\AndroidManifest.xml:20:17-77
33-->src\main\AndroidManifest.xml:20:27-74
34            </intent-filter>
35        </activity>
36
37        <service
37-->[com.google.firebase:firebase-storage:19.1.0] AndroidManifest.xml:30:9-36:19
38            android:name="com.google.firebase.components.ComponentDiscoveryService"
38-->[com.google.firebase:firebase-storage:19.1.0] AndroidManifest.xml:31:13-84
39            android:directBootAware="true"
39-->[com.google.firebase:firebase-common:19.1.0] AndroidManifest.xml:14:13-43
40            android:exported="false" >
40-->[com.google.firebase:firebase-storage:19.1.0] AndroidManifest.xml:32:13-37
41            <meta-data
41-->[com.google.firebase:firebase-storage:19.1.0] AndroidManifest.xml:33:13-35:85
42                android:name="com.google.firebase.components:com.google.firebase.storage.StorageRegistrar"
42-->[com.google.firebase:firebase-storage:19.1.0] AndroidManifest.xml:34:17-107
43                android:value="com.google.firebase.components.ComponentRegistrar" />
43-->[com.google.firebase:firebase-storage:19.1.0] AndroidManifest.xml:35:17-82
44            <meta-data
44-->[com.google.firebase:firebase-auth:19.1.0] AndroidManifest.xml:36:13-38:85
45                android:name="com.google.firebase.components:com.google.firebase.auth.FirebaseAuthRegistrar"
45-->[com.google.firebase:firebase-auth:19.1.0] AndroidManifest.xml:37:17-109
46                android:value="com.google.firebase.components.ComponentRegistrar" />
46-->[com.google.firebase:firebase-auth:19.1.0] AndroidManifest.xml:38:17-82
47        </service>
48
49        <activity
49-->[com.google.firebase:firebase-auth:19.1.0] AndroidManifest.xml:24:9-31:50
50            android:name="com.google.firebase.auth.internal.FederatedSignInActivity"
50-->[com.google.firebase:firebase-auth:19.1.0] AndroidManifest.xml:25:13-85
51            android:excludeFromRecents="true"
51-->[com.google.firebase:firebase-auth:19.1.0] AndroidManifest.xml:26:13-46
52            android:exported="true"
52-->[com.google.firebase:firebase-auth:19.1.0] AndroidManifest.xml:27:13-36
53            android:launchMode="singleTask"
53-->[com.google.firebase:firebase-auth:19.1.0] AndroidManifest.xml:28:13-44
54            android:permission="com.google.firebase.auth.api.gms.permission.LAUNCH_FEDERATED_SIGN_IN"
54-->[com.google.firebase:firebase-auth:19.1.0] AndroidManifest.xml:29:13-102
55            android:theme="@android:style/Theme.Translucent.NoTitleBar" />
55-->[com.google.firebase:firebase-auth:19.1.0] AndroidManifest.xml:30:13-72
56        <activity
56-->[com.google.android.gms:play-services-base:17.1.0] AndroidManifest.xml:23:9-26:75
57            android:name="com.google.android.gms.common.api.GoogleApiActivity"
57-->[com.google.android.gms:play-services-base:17.1.0] AndroidManifest.xml:24:13-79
58            android:exported="false"
58-->[com.google.android.gms:play-services-base:17.1.0] AndroidManifest.xml:25:13-37
59            android:theme="@android:style/Theme.Translucent.NoTitleBar" />
59-->[com.google.android.gms:play-services-base:17.1.0] AndroidManifest.xml:26:13-72
60
61        <provider
61-->[com.google.firebase:firebase-common:19.1.0] AndroidManifest.xml:17:9-21:39
62            android:name="com.google.firebase.provider.FirebaseInitProvider"
62-->[com.google.firebase:firebase-common:19.1.0] AndroidManifest.xml:18:13-77
63            android:authorities="com.example.alfagallery.firebaseinitprovider"
63-->[com.google.firebase:firebase-common:19.1.0] AndroidManifest.xml:19:13-72
64            android:exported="false"
64-->[com.google.firebase:firebase-common:19.1.0] AndroidManifest.xml:20:13-37
65            android:initOrder="100" />
65-->[com.google.firebase:firebase-common:19.1.0] AndroidManifest.xml:21:13-36
66
67        <meta-data
67-->[com.google.android.gms:play-services-basement:17.0.0] AndroidManifest.xml:23:9-25:69
68            android:name="com.google.android.gms.version"
68-->[com.google.android.gms:play-services-basement:17.0.0] AndroidManifest.xml:24:13-58
69            android:value="@integer/google_play_services_version" />
69-->[com.google.android.gms:play-services-basement:17.0.0] AndroidManifest.xml:25:13-66
70    </application>
71
72</manifest>